{"level":"INFO","time":"2025-11-19 16:33:23.860","caller":"server/main.go:20","msg":"开始初始化应用..."}
{"level":"FATAL","time":"2025-11-19 16:33:23.868","caller":"server/main.go:24","msg":"数据库初始化失败: 数据库连接失败: dial tcp :0: connectex: The requested address is not valid in its context.","stacktrace":"main.main\n\tE:/project_max/gin_data-visualization/go-web/cmd/server/main.go:24\nruntime.main\n\tD:/Program Files/Go/src/runtime/proc.go:283"}
{"level":"INFO","time":"2025-11-19 16:36:12.212","caller":"server/main.go:20","msg":"开始初始化应用..."}
{"level":"FATAL","time":"2025-11-19 16:36:12.220","caller":"server/main.go:24","msg":"数据库初始化失败: 数据库连接失败: dial tcp :0: connectex: The requested address is not valid in its context.","stacktrace":"main.main\n\tE:/project_max/gin_data-visualization/go-web/cmd/server/main.go:24\nruntime.main\n\tD:/Program Files/Go/src/runtime/proc.go:283"}
{"level":"INFO","time":"2025-11-19 16:37:49.203","caller":"server/main.go:20","msg":"开始初始化应用..."}
{"level":"FATAL","time":"2025-11-19 16:37:49.212","caller":"server/main.go:24","msg":"数据库初始化失败: 数据库连接失败: dial tcp :0: connectex: The requested address is not valid in its context.","stacktrace":"main.main\n\tE:/project_max/gin_data-visualization/go-web/cmd/server/main.go:24\nruntime.main\n\tD:/Program Files/Go/src/runtime/proc.go:283"}
{"level":"INFO","time":"2025-11-19 16:38:50.213","caller":"server/main.go:20","msg":"开始初始化应用..."}
{"level":"FATAL","time":"2025-11-19 16:38:50.223","caller":"server/main.go:24","msg":"数据库初始化失败: 数据库连接失败: dial tcp :0: connectex: The requested address is not valid in its context.","stacktrace":"main.main\n\tE:/project_max/gin_data-visualization/go-web/cmd/server/main.go:24\nruntime.main\n\tD:/Program Files/Go/src/runtime/proc.go:283"}
{"level":"INFO","time":"2025-11-19 16:39:50.996","caller":"server/main.go:20","msg":"开始初始化应用..."}
{"level":"FATAL","time":"2025-11-19 16:39:51.005","caller":"server/main.go:24","msg":"数据库初始化失败: 数据库连接失败: dial tcp :0: connectex: The requested address is not valid in its context.","stacktrace":"main.main\n\tE:/project_max/gin_data-visualization/go-web/cmd/server/main.go:24\nruntime.main\n\tD:/Program Files/Go/src/runtime/proc.go:283"}
{"level":"INFO","time":"2025-11-19 16:40:45.864","caller":"server/main.go:20","msg":"开始初始化应用..."}
{"level":"FATAL","time":"2025-11-19 16:40:45.873","caller":"server/main.go:24","msg":"数据库初始化失败: 数据库连接失败: dial tcp :0: connectex: The requested address is not valid in its context.","stacktrace":"main.main\n\tE:/project_max/gin_data-visualization/go-web/cmd/server/main.go:24\nruntime.main\n\tD:/Program Files/Go/src/runtime/proc.go:283"}
{"level":"INFO","time":"2025-11-19 16:42:57.652","caller":"server/main.go:20","msg":"开始初始化应用..."}
{"level":"INFO","time":"2025-11-19 16:42:57.659","caller":"dao/mysql.go:26","msg":"正在连接数据库","user":"","host":"","port":0,"database":""}
{"level":"ERROR","time":"2025-11-19 16:42:57.660","caller":"dao/mysql.go:38","msg":"数据库连接失败","error":"dial tcp :0: connectex: The requested address is not valid in its context.","stacktrace":"go-web/internal/dao.InitDB\n\tE:/project_max/gin_data-visualization/go-web/internal/dao/mysql.go:38\nmain.main\n\tE:/project_max/gin_data-visualization/go-web/cmd/server/main.go:23\nruntime.main\n\tD:/Program Files/Go/src/runtime/proc.go:283"}
{"level":"FATAL","time":"2025-11-19 16:42:57.661","caller":"server/main.go:24","msg":"数据库初始化失败: 数据库连接失败: dial tcp :0: connectex: The requested address is not valid in its context.","stacktrace":"main.main\n\tE:/project_max/gin_data-visualization/go-web/cmd/server/main.go:24\nruntime.main\n\tD:/Program Files/Go/src/runtime/proc.go:283"}
{"level":"INFO","time":"2025-11-19 16:43:29.109","caller":"server/main.go:20","msg":"开始初始化应用..."}
{"level":"INFO","time":"2025-11-19 16:43:29.118","caller":"dao/mysql.go:26","msg":"正在连接数据库","user":"","host":"","port":0,"database":""}
{"level":"ERROR","time":"2025-11-19 16:43:29.119","caller":"dao/mysql.go:38","msg":"数据库连接失败","error":"dial tcp :0: connectex: The requested address is not valid in its context.","stacktrace":"go-web/internal/dao.InitDB\n\tE:/project_max/gin_data-visualization/go-web/internal/dao/mysql.go:38\nmain.main\n\tE:/project_max/gin_data-visualization/go-web/cmd/server/main.go:23\nruntime.main\n\tD:/Program Files/Go/src/runtime/proc.go:283"}
{"level":"FATAL","time":"2025-11-19 16:43:29.119","caller":"server/main.go:24","msg":"数据库初始化失败: 数据库连接失败: dial tcp :0: connectex: The requested address is not valid in its context.","stacktrace":"main.main\n\tE:/project_max/gin_data-visualization/go-web/cmd/server/main.go:24\nruntime.main\n\tD:/Program Files/Go/src/runtime/proc.go:283"}
{"level":"INFO","time":"2025-11-19 16:46:02.372","caller":"server/main.go:20","msg":"开始初始化应用..."}
{"level":"INFO","time":"2025-11-19 16:46:02.380","caller":"dao/mysql.go:26","msg":"正在连接数据库","user":"","host":"","port":0,"database":""}
{"level":"ERROR","time":"2025-11-19 16:46:02.381","caller":"dao/mysql.go:38","msg":"数据库连接失败","error":"dial tcp :0: connectex: The requested address is not valid in its context.","stacktrace":"go-web/internal/dao.InitDB\n\tE:/project_max/gin_data-visualization/go-web/internal/dao/mysql.go:38\nmain.main\n\tE:/project_max/gin_data-visualization/go-web/cmd/server/main.go:23\nruntime.main\n\tD:/Program Files/Go/src/runtime/proc.go:283"}
{"level":"FATAL","time":"2025-11-19 16:46:02.381","caller":"server/main.go:24","msg":"数据库初始化失败: 数据库连接失败: dial tcp :0: connectex: The requested address is not valid in its context.","stacktrace":"main.main\n\tE:/project_max/gin_data-visualization/go-web/cmd/server/main.go:24\nruntime.main\n\tD:/Program Files/Go/src/runtime/proc.go:283"}
{"level":"INFO","time":"2025-11-19 16:47:11.824","caller":"server/main.go:20","msg":"开始初始化应用..."}
{"level":"INFO","time":"2025-11-19 16:47:11.832","caller":"dao/mysql.go:26","msg":"正在连接数据库","user":"","host":"","port":0,"database":""}
{"level":"ERROR","time":"2025-11-19 16:47:11.833","caller":"dao/mysql.go:38","msg":"数据库连接失败","error":"dial tcp :0: connectex: The requested address is not valid in its context.","stacktrace":"go-web/internal/dao.InitDB\n\tE:/project_max/gin_data-visualization/go-web/internal/dao/mysql.go:38\nmain.main\n\tE:/project_max/gin_data-visualization/go-web/cmd/server/main.go:23\nruntime.main\n\tD:/Program Files/Go/src/runtime/proc.go:283"}
{"level":"FATAL","time":"2025-11-19 16:47:11.833","caller":"server/main.go:24","msg":"数据库初始化失败: 数据库连接失败: dial tcp :0: connectex: The requested address is not valid in its context.","stacktrace":"main.main\n\tE:/project_max/gin_data-visualization/go-web/cmd/server/main.go:24\nruntime.main\n\tD:/Program Files/Go/src/runtime/proc.go:283"}
{"level":"INFO","time":"2025-11-19 16:48:03.303","caller":"server/main.go:20","msg":"开始初始化应用..."}
{"level":"INFO","time":"2025-11-19 16:48:03.312","caller":"dao/mysql.go:26","msg":"正在连接数据库","user":"","host":"","port":0,"database":""}
{"level":"ERROR","time":"2025-11-19 16:48:03.312","caller":"dao/mysql.go:38","msg":"数据库连接失败","error":"dial tcp :0: connectex: The requested address is not valid in its context.","stacktrace":"go-web/internal/dao.InitDB\n\tE:/project_max/gin_data-visualization/go-web/internal/dao/mysql.go:38\nmain.main\n\tE:/project_max/gin_data-visualization/go-web/cmd/server/main.go:23\nruntime.main\n\tD:/Program Files/Go/src/runtime/proc.go:283"}
{"level":"FATAL","time":"2025-11-19 16:48:03.313","caller":"server/main.go:24","msg":"数据库初始化失败: 数据库连接失败: dial tcp :0: connectex: The requested address is not valid in its context.","stacktrace":"main.main\n\tE:/project_max/gin_data-visualization/go-web/cmd/server/main.go:24\nruntime.main\n\tD:/Program Files/Go/src/runtime/proc.go:283"}
{"level":"INFO","time":"2025-11-19 16:49:33.149","caller":"server/main.go:27","msg":"开始初始化应用..."}
{"level":"INFO","time":"2025-11-19 16:49:33.157","caller":"dao/mysql.go:26","msg":"正在连接数据库","user":"root","host":"127.0.0.1","port":3306,"database":"gin_data_visualization"}
{"level":"INFO","time":"2025-11-19 16:49:33.161","caller":"dao/mysql.go:61","msg":"数据库连接成功"}
{"level":"INFO","time":"2025-11-19 16:49:33.161","caller":"server/main.go:43","msg":"数据库初始化成功"}
{"level":"INFO","time":"2025-11-19 16:49:33.162","caller":"server/main.go:47","msg":"路由设置完成"}
{"level":"INFO","time":"2025-11-19 16:49:33.162","caller":"server/main.go:53","msg":"服务器启动信息","host":"0.0.0.0","port":1234,"app_name":""}
{"level":"INFO","time":"2025-11-19 16:58:04.441","caller":"server/main.go:27","msg":"开始初始化应用..."}
{"level":"INFO","time":"2025-11-19 16:58:04.449","caller":"dao/mysql.go:26","msg":"正在连接数据库","user":"root","host":"127.0.0.1","port":3306,"database":"gin_data_visualization"}
{"level":"INFO","time":"2025-11-19 16:58:04.452","caller":"dao/mysql.go:61","msg":"数据库连接成功"}
{"level":"INFO","time":"2025-11-19 16:58:04.452","caller":"server/main.go:43","msg":"数据库初始化成功"}
{"level":"INFO","time":"2025-11-19 16:58:04.453","caller":"server/main.go:47","msg":"路由设置完成"}
{"level":"INFO","time":"2025-11-19 16:58:04.453","caller":"server/main.go:53","msg":"服务器启动信息","host":"0.0.0.0","port":1234,"app_name":""}
{"level":"INFO","time":"2025-11-19 17:22:32.135","caller":"server/main.go:27","msg":"开始初始化应用..."}
{"level":"INFO","time":"2025-11-19 17:22:32.143","caller":"dao/mysql.go:26","msg":"正在连接数据库","user":"root","host":"127.0.0.1","port":3306,"database":"gin_data_visualization"}
{"level":"INFO","time":"2025-11-19 17:22:32.145","caller":"dao/mysql.go:61","msg":"数据库连接成功"}
{"level":"INFO","time":"2025-11-19 17:22:32.145","caller":"server/main.go:43","msg":"数据库初始化成功"}
{"level":"INFO","time":"2025-11-19 17:22:32.147","caller":"server/main.go:47","msg":"路由设置完成"}
{"level":"INFO","time":"2025-11-19 17:22:32.147","caller":"server/main.go:53","msg":"服务器启动信息","host":"0.0.0.0","port":1234,"app_name":""}
