{"level":"INFO","time":"2025-12-01 19:37:54.663","caller":"server/main.go:27","msg":"开始初始化应用..."}
{"level":"INFO","time":"2025-12-01 19:37:54.671","caller":"dao/mysql.go:26","msg":"正在连接数据库","user":"root","host":"192.168.101.5","port":3306,"database":"gin_data_visualization"}
{"level":"INFO","time":"2025-12-01 19:37:54.678","caller":"dao/mysql.go:61","msg":"数据库连接成功"}
{"level":"INFO","time":"2025-12-01 19:37:54.678","caller":"server/main.go:43","msg":"数据库初始化成功"}
{"level":"INFO","time":"2025-12-01 19:37:54.679","caller":"server/main.go:47","msg":"路由设置完成"}
{"level":"INFO","time":"2025-12-01 19:37:54.680","caller":"server/main.go:53","msg":"服务器启动信息","host":"0.0.0.0","port":1234,"app_name":""}
{"level":"INFO","time":"2025-12-01 19:49:50.862","caller":"server/main.go:27","msg":"开始初始化应用..."}
{"level":"INFO","time":"2025-12-01 19:49:50.869","caller":"dao/mysql.go:26","msg":"正在连接数据库","user":"root","host":"192.168.101.5","port":3306,"database":"gin_data_visualization"}
{"level":"INFO","time":"2025-12-01 19:49:50.873","caller":"dao/mysql.go:61","msg":"数据库连接成功"}
{"level":"INFO","time":"2025-12-01 19:49:50.873","caller":"server/main.go:43","msg":"数据库初始化成功"}
{"level":"INFO","time":"2025-12-01 19:49:50.874","caller":"server/main.go:47","msg":"路由设置完成"}
{"level":"INFO","time":"2025-12-01 19:49:50.874","caller":"server/main.go:53","msg":"服务器启动信息","host":"0.0.0.0","port":1234,"app_name":""}
{"level":"INFO","time":"2025-12-01 20:39:32.075","caller":"controller/user-controller.go:93","msg":"用户注册成功","user_id":4,"username":"TestUser4"}
{"level":"INFO","time":"2025-12-01 20:39:47.592","caller":"controller/user-controller.go:154","msg":"用户登录成功","user_id":4,"username":"TestUser4"}
{"level":"INFO","time":"2025-12-01 20:39:53.161","caller":"controller/user-controller.go:154","msg":"用户登录成功","user_id":4,"username":"TestUser4"}
{"level":"INFO","time":"2025-12-01 20:39:53.607","caller":"controller/user-controller.go:154","msg":"用户登录成功","user_id":4,"username":"TestUser4"}
{"level":"INFO","time":"2025-12-01 20:39:53.787","caller":"controller/user-controller.go:154","msg":"用户登录成功","user_id":4,"username":"TestUser4"}
{"level":"INFO","time":"2025-12-01 20:39:53.944","caller":"controller/user-controller.go:154","msg":"用户登录成功","user_id":4,"username":"TestUser4"}
{"level":"INFO","time":"2025-12-01 20:39:54.112","caller":"controller/user-controller.go:154","msg":"用户登录成功","user_id":4,"username":"TestUser4"}
{"level":"INFO","time":"2025-12-01 20:39:54.405","caller":"controller/user-controller.go:154","msg":"用户登录成功","user_id":4,"username":"TestUser4"}
{"level":"INFO","time":"2025-12-01 20:39:54.537","caller":"controller/user-controller.go:154","msg":"用户登录成功","user_id":4,"username":"TestUser4"}
